#
# A fatal error has been detected by the Java Runtime Environment:
#
#  SIGSEGV (0xb) at pc=0x00000001095cc55a, pid=1966, tid=0x0000000000001703
#
# JRE version: Java(TM) SE Runtime Environment (8.0_111-b14) (build 1.8.0_111-b14)
# Java VM: Java HotSpot(TM) 64-Bit Server VM (25.111-b14 mixed mode bsd-amd64 compressed oops)
# Problematic frame:
# V  [libjvm.dylib+0x3cc55a]
#
# Failed to write core dump. Core dumps have been disabled. To enable core dumping, try "ulimit -c unlimited" before starting Java again
#
# If you would like to submit a bug report, please visit:
#   http://bugreport.java.com/bugreport/crash.jsp
#

---------------  T H R E A D  ---------------

Current thread (0x00007fe04c801800):  JavaThread "main" [_thread_in_vm, id=5891, stack(0x000070000011a000,0x000070000021a000)]

siginfo: si_signo: 11 (SIGSEGV), si_code: 1 (SEGV_MAPERR), si_addr: 0x000000000000000a

Registers:
RAX=0x0000000000000002, RBX=0x0000000122f1a9c8, RCX=0x0000000000000003, RDX=0x00007fe04b706520
RSP=0x00007000002182e0, RBP=0x0000700000218360, RSI=0x0000000109a3caa0, RDI=0x00007fe04b7018c0
R8 =0x00007fe04b41d810, R9 =0x00007fe04b701810, R10=0x0000000109b00030, R11=0x000000010a2e2c20
R12=0x00007fe04b701800, R13=0x00007000002184a8, R14=0x00007fe04c801800, R15=0x000000000000000d
RIP=0x00000001095cc55a, EFLAGS=0x0000000000010202, ERR=0x0000000000000004
  TRAPNO=0x000000000000000e

Top of Stack: (sp=0x00007000002182e0)
0x00007000002182e0:   00007fe04c801800 000000000000000c
0x00007000002182f0:   0000700000218320 00000001096ffa07
0x0000700000218300:   00000007c007bca8 00000001232bc960
0x0000700000218310:   00000001232e1e30 00000007c00169b0
0x0000700000218320:   0000000122f1a9c8 00007fe04c801800
0x0000700000218330:   0000000122f1a9c8 00007fe04b701800
0x0000700000218340:   00007000002184a8 0000000122f1a9c8
0x0000700000218350:   00007fe04c801800 000000000000000d
0x0000700000218360:   0000700000218430 00000001095ce081
0x0000700000218370:   00007000002183e8 00007000002183e8
0x0000700000218380:   00007000002183a0 00000001093f242c
0x0000700000218390:   00007fe04c801800 0000000122f1a9c8
0x00007000002183a0:   00007fe04c801800 00000001094e9660
0x00007000002183b0:   0000700000218400 00007000002186a0
0x00007000002183c0:   000000010a1d2043 000000010a1a65d0
0x00007000002183d0:   0000700000000000 00007000002186e8
0x00007000002183e0:   00007000002186a0 00007000002186a0
0x00007000002183f0:   000000010a1d2043 000000010a1a65d0
0x0000700000218400:   0000000122f1a9c8 00007fe04c801800
0x0000700000218410:   0000700000218510 0000000122f1a041
0x0000700000218420:   0000000122f1a9c8 000000000000000d
0x0000700000218430:   0000700000218680 00000001094e73b5
0x0000700000218440:   0000700000218518 0000000000000000
0x0000700000218450:   00007fe04b701800 000000b622f196b8
0x0000700000218460:   0000000122f1a041 00000001000000b6
0x0000700000218470:   0000000122f1a0e8 00007fe04c801800
0x0000700000218480:   00007fe04b701370 00007fe04b7013a0
0x0000700000218490:   00007fe04b7013b0 00007fe04b701788
0x00007000002184a0:   00000000000003d8 0000000000000000
0x00007000002184b0:   0000000000000000 0000000000000000
0x00007000002184c0:   0000000000000000 0000000000000000
0x00007000002184d0:   0000000000000000 fffffffe00000000 

Instructions: (pc=0x00000001095cc55a)
0x00000001095cc53a:   75 04 31 d2 eb 29 48 8d 05 cd 98 51 00 80 38 00
0x00000001095cc54a:   49 8b 04 24 74 15 48 8d 35 49 05 47 00 8a 4e 08
0x00000001095cc55a:   8b 50 08 48 d3 e2 48 03 16 eb 04 48 8b 50 08 48
0x00000001095cc56a:   8b 4d b8 4c 8b 45 b0 4c 8b 4d a8 4c 89 74 24 18 

Register to memory mapping:

RAX=0x0000000000000002 is an unknown value
RBX=0x0000000122f1a9c8 is pointing into metadata
RCX=0x0000000000000003 is an unknown value
RDX=0x00007fe04b706520 is an unknown value
RSP=0x00007000002182e0 is pointing into the stack for thread: 0x00007fe04c801800
RBP=0x0000700000218360 is pointing into the stack for thread: 0x00007fe04c801800
RSI=0x0000000109a3caa0: _ZN8Universe13_narrow_klassE+0 in /Library/Java/JavaVirtualMachines/jdk1.8.0_111.jdk/Contents/Home/jre/lib/server/libjvm.dylib at 0x0000000109200000
RDI=0x00007fe04b7018c0 is an unknown value
R8 =0x00007fe04b41d810 is an unknown value
R9 =0x00007fe04b701810 is an unknown value
R10=0x0000000109b00030: _ZN19TemplateInterpreter13_active_tableE+0x4000 in /Library/Java/JavaVirtualMachines/jdk1.8.0_111.jdk/Contents/Home/jre/lib/server/libjvm.dylib at 0x0000000109200000
R11=0x000000010a2e2c20 is at entry_point+32 in (nmethod*)0x000000010a2e2a90
R12=0x00007fe04b701800 is an unknown value
R13=0x00007000002184a8 is pointing into the stack for thread: 0x00007fe04c801800
R14=0x00007fe04c801800 is a thread
R15=0x000000000000000d is an unknown value


Stack: [0x000070000011a000,0x000070000021a000],  sp=0x00007000002182e0,  free space=1016k
Native frames: (J=compiled Java code, j=interpreted, Vv=VM code, C=native code)
V  [libjvm.dylib+0x3cc55a]
V  [libjvm.dylib+0x3ce081]
V  [libjvm.dylib+0x2e73b5]
j  com.bobbybaker.app.infix.RPNTools.determineOperatorPlacementAndAddToStack(Ljava/util/Stack;Ljava/lang/String;Z)V+9
j  com.bobbybaker.app.infix.RPNTools.convert(Ljava/lang/String;)Ljava/lang/String;+49
j  com.bobbybaker.app.infix.RPNTest.convertRPNToInfixWithSubtraction()V+6
v  ~StubRoutines::call_stub
V  [libjvm.dylib+0x2ecf8a]
V  [libjvm.dylib+0x4d1bb4]
V  [libjvm.dylib+0x4d20e8]
V  [libjvm.dylib+0x345394]
j  sun.reflect.NativeMethodAccessorImpl.invoke0(Ljava/lang/reflect/Method;Ljava/lang/Object;[Ljava/lang/Object;)Ljava/lang/Object;+0
j  sun.reflect.NativeMethodAccessorImpl.invoke(Ljava/lang/Object;[Ljava/lang/Object;)Ljava/lang/Object;+100
j  sun.reflect.DelegatingMethodAccessorImpl.invoke(Ljava/lang/Object;[Ljava/lang/Object;)Ljava/lang/Object;+6
j  java.lang.reflect.Method.invoke(Ljava/lang/Object;[Ljava/lang/Object;)Ljava/lang/Object;+56
j  org.junit.runners.model.FrameworkMethod$1.runReflectiveCall()Ljava/lang/Object;+15
j  org.junit.internal.runners.model.ReflectiveCallable.run()Ljava/lang/Object;+1
j  org.junit.runners.model.FrameworkMethod.invokeExplosively(Ljava/lang/Object;[Ljava/lang/Object;)Ljava/lang/Object;+10
j  org.junit.internal.runners.statements.InvokeMethod.evaluate()V+12
j  org.junit.internal.runners.statements.RunBefores.evaluate()V+49
j  org.junit.runners.ParentRunner.runLeaf(Lorg/junit/runners/model/Statement;Lorg/junit/runner/Description;Lorg/junit/runner/notification/RunNotifier;)V+17
j  org.junit.runners.BlockJUnit4ClassRunner.runChild(Lorg/junit/runners/model/FrameworkMethod;Lorg/junit/runner/notification/RunNotifier;)V+32
j  org.junit.runners.BlockJUnit4ClassRunner.runChild(Ljava/lang/Object;Lorg/junit/runner/notification/RunNotifier;)V+6
j  org.junit.runners.ParentRunner$3.run()V+12
j  org.junit.runners.ParentRunner$1.schedule(Ljava/lang/Runnable;)V+1
j  org.junit.runners.ParentRunner.runChildren(Lorg/junit/runner/notification/RunNotifier;)V+40
j  org.junit.runners.ParentRunner.access$000(Lorg/junit/runners/ParentRunner;Lorg/junit/runner/notification/RunNotifier;)V+2
j  org.junit.runners.ParentRunner$2.evaluate()V+8
j  org.junit.runners.ParentRunner.run(Lorg/junit/runner/notification/RunNotifier;)V+20
j  org.junit.runner.JUnitCore.run(Lorg/junit/runner/Runner;)Lorg/junit/runner/Result;+37
j  com.intellij.junit4.JUnit4IdeaTestRunner.startRunnerWithArgs([Ljava/lang/String;Ljava/util/ArrayList;Ljava/lang/String;Z)Lorg/junit/runner/Result;+158
j  com.intellij.junit4.JUnit4IdeaTestRunner.startRunnerWithArgs([Ljava/lang/String;Ljava/util/ArrayList;Ljava/lang/String;IZ)I+12
j  com.intellij.rt.execution.junit.JUnitStarter.prepareStreamsAndStart([Ljava/lang/String;Ljava/lang/String;Ljava/util/ArrayList;Ljava/lang/String;)I+288
j  com.intellij.rt.execution.junit.JUnitStarter.main([Ljava/lang/String;)V+116
v  ~StubRoutines::call_stub
V  [libjvm.dylib+0x2ecf8a]
V  [libjvm.dylib+0x323d82]
V  [libjvm.dylib+0x31caf9]
C  [java+0x3931]  JavaMain+0x9c4
C  [libsystem_pthread.dylib+0x3c13]  _pthread_body+0x83
C  [libsystem_pthread.dylib+0x3b90]  _pthread_body+0x0
C  [libsystem_pthread.dylib+0x1375]  thread_start+0xd
C  0x0000000000000000

Java frames: (J=compiled Java code, j=interpreted, Vv=VM code)
j  com.bobbybaker.app.infix.RPNTools.determineOperatorPlacementAndAddToStack(Ljava/util/Stack;Ljava/lang/String;Z)V+9
j  com.bobbybaker.app.infix.RPNTools.convert(Ljava/lang/String;)Ljava/lang/String;+49
j  com.bobbybaker.app.infix.RPNTest.convertRPNToInfixWithSubtraction()V+6
v  ~StubRoutines::call_stub
j  sun.reflect.NativeMethodAccessorImpl.invoke0(Ljava/lang/reflect/Method;Ljava/lang/Object;[Ljava/lang/Object;)Ljava/lang/Object;+0
j  sun.reflect.NativeMethodAccessorImpl.invoke(Ljava/lang/Object;[Ljava/lang/Object;)Ljava/lang/Object;+100
j  sun.reflect.DelegatingMethodAccessorImpl.invoke(Ljava/lang/Object;[Ljava/lang/Object;)Ljava/lang/Object;+6
j  java.lang.reflect.Method.invoke(Ljava/lang/Object;[Ljava/lang/Object;)Ljava/lang/Object;+56
j  org.junit.runners.model.FrameworkMethod$1.runReflectiveCall()Ljava/lang/Object;+15
j  org.junit.internal.runners.model.ReflectiveCallable.run()Ljava/lang/Object;+1
j  org.junit.runners.model.FrameworkMethod.invokeExplosively(Ljava/lang/Object;[Ljava/lang/Object;)Ljava/lang/Object;+10
j  org.junit.internal.runners.statements.InvokeMethod.evaluate()V+12
j  org.junit.internal.runners.statements.RunBefores.evaluate()V+49
j  org.junit.runners.ParentRunner.runLeaf(Lorg/junit/runners/model/Statement;Lorg/junit/runner/Description;Lorg/junit/runner/notification/RunNotifier;)V+17
j  org.junit.runners.BlockJUnit4ClassRunner.runChild(Lorg/junit/runners/model/FrameworkMethod;Lorg/junit/runner/notification/RunNotifier;)V+32
j  org.junit.runners.BlockJUnit4ClassRunner.runChild(Ljava/lang/Object;Lorg/junit/runner/notification/RunNotifier;)V+6
j  org.junit.runners.ParentRunner$3.run()V+12
j  org.junit.runners.ParentRunner$1.schedule(Ljava/lang/Runnable;)V+1
j  org.junit.runners.ParentRunner.runChildren(Lorg/junit/runner/notification/RunNotifier;)V+40
j  org.junit.runners.ParentRunner.access$000(Lorg/junit/runners/ParentRunner;Lorg/junit/runner/notification/RunNotifier;)V+2
j  org.junit.runners.ParentRunner$2.evaluate()V+8
j  org.junit.runners.ParentRunner.run(Lorg/junit/runner/notification/RunNotifier;)V+20
j  org.junit.runner.JUnitCore.run(Lorg/junit/runner/Runner;)Lorg/junit/runner/Result;+37
j  com.intellij.junit4.JUnit4IdeaTestRunner.startRunnerWithArgs([Ljava/lang/String;Ljava/util/ArrayList;Ljava/lang/String;Z)Lorg/junit/runner/Result;+158
j  com.intellij.junit4.JUnit4IdeaTestRunner.startRunnerWithArgs([Ljava/lang/String;Ljava/util/ArrayList;Ljava/lang/String;IZ)I+12
j  com.intellij.rt.execution.junit.JUnitStarter.prepareStreamsAndStart([Ljava/lang/String;Ljava/lang/String;Ljava/util/ArrayList;Ljava/lang/String;)I+288
j  com.intellij.rt.execution.junit.JUnitStarter.main([Ljava/lang/String;)V+116
v  ~StubRoutines::call_stub

---------------  P R O C E S S  ---------------

Java Threads: ( => current thread )
  0x00007fe04b831800 JavaThread "Service Thread" daemon [_thread_blocked, id=23043, stack(0x00007000016df000,0x00007000017df000)]
  0x00007fe04b831000 JavaThread "C1 CompilerThread3" daemon [_thread_blocked, id=22531, stack(0x00007000015dc000,0x00007000016dc000)]
  0x00007fe04b830000 JavaThread "C2 CompilerThread2" daemon [_thread_blocked, id=22019, stack(0x00007000014d9000,0x00007000015d9000)]
  0x00007fe04c87e800 JavaThread "C2 CompilerThread1" daemon [_thread_blocked, id=21507, stack(0x00007000013d6000,0x00007000014d6000)]
  0x00007fe04b82f800 JavaThread "C2 CompilerThread0" daemon [_thread_blocked, id=20995, stack(0x00007000012d3000,0x00007000013d3000)]
  0x00007fe04b815800 JavaThread "JDWP Event Helper Thread" daemon [_thread_blocked, id=19971, stack(0x00007000010cd000,0x00007000011cd000)]
  0x00007fe04b81b000 JavaThread "JDWP Transport Listener: dt_socket" daemon [_thread_blocked, id=19459, stack(0x0000700000fca000,0x00007000010ca000)]
  0x00007fe04b817800 JavaThread "Signal Dispatcher" daemon [_thread_blocked, id=18707, stack(0x0000700000ec7000,0x0000700000fc7000)]
  0x00007fe04b80c000 JavaThread "Finalizer" daemon [_thread_blocked, id=14339, stack(0x0000700000c3b000,0x0000700000d3b000)]
  0x00007fe04f010800 JavaThread "Reference Handler" daemon [_thread_blocked, id=13827, stack(0x0000700000b38000,0x0000700000c38000)]
=>0x00007fe04c801800 JavaThread "main" [_thread_in_vm, id=5891, stack(0x000070000011a000,0x000070000021a000)]

Other Threads:
  0x00007fe04d00c800 VMThread [stack: 0x0000700000a35000,0x0000700000b35000] [id=13315]
  0x00007fe04b853800 WatcherThread [stack: 0x00007000017e2000,0x00007000018e2000] [id=23555]

VM state:synchronizing (normal execution)

VM Mutex/Monitor currently owned by a thread:  ([mutex/lock_event])
[0x00007fe04da01270] Threads_lock - owner thread: 0x00007fe04d00c800

Heap:
 PSYoungGen      total 76288K, used 9215K [0x000000076ab00000, 0x0000000770000000, 0x00000007c0000000)
  eden space 65536K, 14% used [0x000000076ab00000,0x000000076b3fffe8,0x000000076eb00000)
  from space 10752K, 0% used [0x000000076f580000,0x000000076f580000,0x0000000770000000)
  to   space 10752K, 0% used [0x000000076eb00000,0x000000076eb00000,0x000000076f580000)
 ParOldGen       total 175104K, used 0K [0x00000006c0000000, 0x00000006cab00000, 0x000000076ab00000)
  object space 175104K, 0% used [0x00000006c0000000,0x00000006c0000000,0x00000006cab00000)
 Metaspace       used 4180K, capacity 5024K, committed 5248K, reserved 1056768K
  class space    used 490K, capacity 528K, committed 640K, reserved 1048576K

Card table byte_map: [0x0000000119561000,0x0000000119d62000] byte_map_base: 0x0000000115f61000

Marking Bits: (ParMarkBitMap*) 0x0000000109aefd20
 Begin Bits: [0x000000011a2b8000, 0x000000011e2b8000)
 End Bits:   [0x000000011e2b8000, 0x00000001222b8000)

Polling page: 0x00000001080b0000

CodeCache: size=245760Kb used=1693Kb max_used=1693Kb free=244066Kb
 bounds [0x000000010a1a1000, 0x000000010a411000, 0x00000001191a1000]
 total_blobs=490 nmethods=240 adapters=172
 compilation: enabled

Compilation events (10 events):
Event: 0.412 Thread 0x00007fe04b831000  236       3       java.util.WeakHashMap::remove (133 bytes)
Event: 0.413 Thread 0x00007fe04b831000 nmethod 236 0x000000010a33fdd0 code [0x000000010a33ffc0, 0x000000010a340ac8]
Event: 0.413 Thread 0x00007fe04b831000  239   !   3       java.net.URL::<init> (543 bytes)
Event: 0.418 Thread 0x00007fe04b831000 nmethod 239 0x000000010a3413d0 code [0x000000010a341920, 0x000000010a3466d8]
Event: 0.418 Thread 0x00007fe04b831000  240       3       java.util.AbstractCollection::<init> (5 bytes)
Event: 0.418 Thread 0x00007fe04b831000 nmethod 240 0x000000010a33fa10 code [0x000000010a33fb80, 0x000000010a33fd30]
Event: 0.418 Thread 0x00007fe04b831000  238       3       java.util.Formatter$Flags::contains (22 bytes)
Event: 0.418 Thread 0x00007fe04b831000 nmethod 238 0x000000010a348d10 code [0x000000010a348e80, 0x000000010a349090]
Event: 0.418 Thread 0x00007fe04b831000  237       3       java.lang.Character::charCount (12 bytes)
Event: 0.419 Thread 0x00007fe04b831000 nmethod 237 0x000000010a349150 code [0x000000010a3492c0, 0x000000010a349450]

GC Heap History (0 events):
No events

Deoptimization events (0 events):
No events

Internal exceptions (7 events):
Event: 0.085 Thread 0x00007fe04c801800 Exception <a 'java/lang/NoSuchMethodError': Method sun.misc.Unsafe.defineClass(Ljava/lang/String;[BII)Ljava/lang/Class; name or signature does not match> (0x000000076ab07c78) thrown at [/Users/java_re/workspace/8-2-build-macosx-x86_64/jdk8u111/7883/hotspo
Event: 0.085 Thread 0x00007fe04c801800 Exception <a 'java/lang/NoSuchMethodError': Method sun.misc.Unsafe.prefetchRead(Ljava/lang/Object;J)V name or signature does not match> (0x000000076ab07f60) thrown at [/Users/java_re/workspace/8-2-build-macosx-x86_64/jdk8u111/7883/hotspot/src/share/vm/pri
Event: 0.277 Thread 0x00007fe04c801800 Exception <a 'java/io/FileNotFoundException'> (0x000000076ae559e8) thrown at [/Users/java_re/workspace/8-2-build-macosx-x86_64/jdk8u111/7883/hotspot/src/share/vm/prims/jni.cpp, line 709]
Event: 0.297 Thread 0x00007fe04c801800 Exception <a 'java/security/PrivilegedActionException'> (0x000000076aeb4f90) thrown at [/Users/java_re/workspace/8-2-build-macosx-x86_64/jdk8u111/7883/hotspot/src/share/vm/prims/jvm.cpp, line 1386]
Event: 0.298 Thread 0x00007fe04c801800 Exception <a 'java/security/PrivilegedActionException'> (0x000000076aeb51a0) thrown at [/Users/java_re/workspace/8-2-build-macosx-x86_64/jdk8u111/7883/hotspot/src/share/vm/prims/jvm.cpp, line 1386]
Event: 0.298 Thread 0x00007fe04c801800 Exception <a 'java/security/PrivilegedActionException'> (0x000000076aeb84a8) thrown at [/Users/java_re/workspace/8-2-build-macosx-x86_64/jdk8u111/7883/hotspot/src/share/vm/prims/jvm.cpp, line 1386]
Event: 0.298 Thread 0x00007fe04c801800 Exception <a 'java/security/PrivilegedActionException'> (0x000000076aeb86b8) thrown at [/Users/java_re/workspace/8-2-build-macosx-x86_64/jdk8u111/7883/hotspot/src/share/vm/prims/jvm.cpp, line 1386]

Events (10 events):
Event: 238.194 Executing VM operation: ChangeBreakpoints
Event: 238.194 Executing VM operation: ChangeBreakpoints done
Event: 262.121 Executing VM operation: ChangeBreakpoints
Event: 262.121 Executing VM operation: ChangeBreakpoints done
Event: 262.429 Executing VM operation: ChangeBreakpoints
Event: 262.430 Executing VM operation: ChangeBreakpoints done
Event: 278.174 Executing VM operation: ChangeBreakpoints
Event: 278.174 Executing VM operation: ChangeBreakpoints done
Event: 278.174 Thread 0x00007fe04f01b000 Thread exited: 0x00007fe04f01b000
Event: 278.174 Executing VM operation: ChangeBreakpoints


Dynamic libraries:
0x000000000320b000 	/System/Library/Frameworks/Cocoa.framework/Versions/A/Cocoa
0x000000000320b000 	/System/Library/Frameworks/Security.framework/Versions/A/Security
0x000000000320b000 	/System/Library/Frameworks/ApplicationServices.framework/Versions/A/ApplicationServices
0x000000000320b000 	/usr/lib/libz.1.dylib
0x000000000320b000 	/usr/lib/libSystem.B.dylib
0x000000000320b000 	/usr/lib/libobjc.A.dylib
0x000000000320b000 	/System/Library/Frameworks/CoreFoundation.framework/Versions/A/CoreFoundation
0x000000000320b000 	/System/Library/Frameworks/Foundation.framework/Versions/C/Foundation
0x000000000320b000 	/System/Library/Frameworks/AppKit.framework/Versions/C/AppKit
0x000000000320b000 	/System/Library/Frameworks/CoreData.framework/Versions/A/CoreData
0x000000000320b000 	/System/Library/PrivateFrameworks/RemoteViewServices.framework/Versions/A/RemoteViewServices
0x000000000320b000 	/System/Library/PrivateFrameworks/UIFoundation.framework/Versions/A/UIFoundation
0x000000000320b000 	/usr/lib/libScreenReader.dylib
0x000000000320b000 	/System/Library/Frameworks/Accelerate.framework/Versions/A/Accelerate
0x000000000320b000 	/System/Library/Frameworks/IOSurface.framework/Versions/A/IOSurface
0x000000000320b000 	/System/Library/Frameworks/AudioToolbox.framework/Versions/A/AudioToolbox
0x000000000320b000 	/System/Library/Frameworks/AudioUnit.framework/Versions/A/AudioUnit
0x000000000320b000 	/System/Library/PrivateFrameworks/DataDetectorsCore.framework/Versions/A/DataDetectorsCore
0x000000000320b000 	/System/Library/PrivateFrameworks/DesktopServicesPriv.framework/Versions/A/DesktopServicesPriv
0x000000000320b000 	/System/Library/Frameworks/Carbon.framework/Versions/A/Frameworks/HIToolbox.framework/Versions/A/HIToolbox
0x000000000320b000 	/System/Library/Frameworks/QuartzCore.framework/Versions/A/QuartzCore
0x000000000320b000 	/System/Library/Frameworks/Carbon.framework/Versions/A/Frameworks/SpeechRecognition.framework/Versions/A/SpeechRecognition
0x000000000320b000 	/usr/lib/libauto.dylib
0x000000000320b000 	/usr/lib/libicucore.A.dylib
0x000000000320b000 	/usr/lib/libxml2.2.dylib
0x000000000320b000 	/System/Library/PrivateFrameworks/CoreUI.framework/Versions/A/CoreUI
0x000000000320b000 	/System/Library/Frameworks/CoreAudio.framework/Versions/A/CoreAudio
0x000000000320b000 	/System/Library/Frameworks/DiskArbitration.framework/Versions/A/DiskArbitration
0x000000000320b000 	/usr/lib/liblangid.dylib
0x000000000320b000 	/System/Library/PrivateFrameworks/MultitouchSupport.framework/Versions/A/MultitouchSupport
0x000000000320b000 	/System/Library/Frameworks/IOKit.framework/Versions/A/IOKit
0x000000000320b000 	/usr/lib/libDiagnosticMessagesClient.dylib
0x000000000320b000 	/System/Library/Frameworks/CoreServices.framework/Versions/A/CoreServices
0x000000000320b000 	/System/Library/PrivateFrameworks/PerformanceAnalysis.framework/Versions/A/PerformanceAnalysis
0x000000000320b000 	/System/Library/PrivateFrameworks/GenerationalStorage.framework/Versions/A/GenerationalStorage
0x000000000320b000 	/System/Library/Frameworks/OpenGL.framework/Versions/A/OpenGL
0x000000000320b000 	/System/Library/PrivateFrameworks/Sharing.framework/Versions/A/Sharing
0x000000000320b000 	/System/Library/Frameworks/CoreGraphics.framework/Versions/A/CoreGraphics
0x000000000320b000 	/System/Library/Frameworks/CoreImage.framework/Versions/A/CoreImage
0x000000000320b000 	/System/Library/Frameworks/CoreText.framework/Versions/A/CoreText
0x000000000320b000 	/System/Library/Frameworks/ImageIO.framework/Versions/A/ImageIO
0x000000000320b000 	/System/Library/PrivateFrameworks/Backup.framework/Versions/A/Backup
0x000000000320b000 	/usr/lib/libextension.dylib
0x000000000320b000 	/usr/lib/libarchive.2.dylib
0x000000000320b000 	/System/Library/Frameworks/CFNetwork.framework/Versions/A/CFNetwork
0x000000000320b000 	/System/Library/Frameworks/SystemConfiguration.framework/Versions/A/SystemConfiguration
0x000000000320b000 	/usr/lib/libCRFSuite.dylib
0x000000000320b000 	/usr/lib/libc++.1.dylib
0x000000000320b000 	/usr/lib/libc++abi.dylib
0x000000000320b000 	/usr/lib/system/libcache.dylib
0x000000000320b000 	/usr/lib/system/libcommonCrypto.dylib
0x000000000320b000 	/usr/lib/system/libcompiler_rt.dylib
0x000000000320b000 	/usr/lib/system/libcopyfile.dylib
0x000000000320b000 	/usr/lib/system/libcorecrypto.dylib
0x000000000320b000 	/usr/lib/system/libdispatch.dylib
0x000000000320b000 	/usr/lib/system/libdyld.dylib
0x000000000320b000 	/usr/lib/system/libkeymgr.dylib
0x000000000320b000 	/usr/lib/system/liblaunch.dylib
0x000000000320b000 	/usr/lib/system/libmacho.dylib
0x000000000320b000 	/usr/lib/system/libquarantine.dylib
0x000000000320b000 	/usr/lib/system/libremovefile.dylib
0x000000000320b000 	/usr/lib/system/libsystem_asl.dylib
0x000000000320b000 	/usr/lib/system/libsystem_blocks.dylib
0x000000000320b000 	/usr/lib/system/libsystem_c.dylib
0x000000000320b000 	/usr/lib/system/libsystem_configuration.dylib
0x000000000320b000 	/usr/lib/system/libsystem_coreservices.dylib
0x000000000320b000 	/usr/lib/system/libsystem_coretls.dylib
0x000000000320b000 	/usr/lib/system/libsystem_dnssd.dylib
0x000000000320b000 	/usr/lib/system/libsystem_info.dylib
0x000000000320b000 	/usr/lib/system/libsystem_kernel.dylib
0x000000000320b000 	/usr/lib/system/libsystem_m.dylib
0x000000000320b000 	/usr/lib/system/libsystem_malloc.dylib
0x000000000320b000 	/usr/lib/system/libsystem_network.dylib
0x000000000320b000 	/usr/lib/system/libsystem_networkextension.dylib
0x000000000320b000 	/usr/lib/system/libsystem_notify.dylib
0x000000000320b000 	/usr/lib/system/libsystem_platform.dylib
0x000000000320b000 	/usr/lib/system/libsystem_pthread.dylib
0x000000000320b000 	/usr/lib/system/libsystem_sandbox.dylib
0x000000000320b000 	/usr/lib/system/libsystem_secinit.dylib
0x000000000320b000 	/usr/lib/system/libsystem_trace.dylib
0x000000000320b000 	/usr/lib/system/libunc.dylib
0x000000000320b000 	/usr/lib/system/libunwind.dylib
0x000000000320b000 	/usr/lib/system/libxpc.dylib
0x000000000320b000 	/usr/lib/libenergytrace.dylib
0x000000000320b000 	/usr/lib/libbsm.0.dylib
0x000000000320b000 	/usr/lib/system/libkxld.dylib
0x000000000320b000 	/usr/lib/libxar.1.dylib
0x000000000320b000 	/usr/lib/libsqlite3.dylib
0x000000000320b000 	/usr/lib/libpam.2.dylib
0x000000000320b000 	/usr/lib/libOpenScriptingUtil.dylib
0x000000000320b000 	/usr/lib/libbz2.1.0.dylib
0x000000000320b000 	/usr/lib/liblzma.5.dylib
0x000000000320b000 	/System/Library/Frameworks/CoreServices.framework/Versions/A/Frameworks/FSEvents.framework/Versions/A/FSEvents
0x000000000320b000 	/System/Library/Frameworks/CoreServices.framework/Versions/A/Frameworks/CarbonCore.framework/Versions/A/CarbonCore
0x000000000320b000 	/System/Library/Frameworks/CoreServices.framework/Versions/A/Frameworks/Metadata.framework/Versions/A/Metadata
0x000000000320b000 	/System/Library/Frameworks/CoreServices.framework/Versions/A/Frameworks/OSServices.framework/Versions/A/OSServices
0x000000000320b000 	/System/Library/Frameworks/CoreServices.framework/Versions/A/Frameworks/SearchKit.framework/Versions/A/SearchKit
0x000000000320b000 	/System/Library/Frameworks/CoreServices.framework/Versions/A/Frameworks/AE.framework/Versions/A/AE
0x000000000320b000 	/System/Library/Frameworks/CoreServices.framework/Versions/A/Frameworks/LaunchServices.framework/Versions/A/LaunchServices
0x000000000320b000 	/System/Library/Frameworks/CoreServices.framework/Versions/A/Frameworks/DictionaryServices.framework/Versions/A/DictionaryServices
0x000000000320b000 	/System/Library/Frameworks/CoreServices.framework/Versions/A/Frameworks/SharedFileList.framework/Versions/A/SharedFileList
0x000000000320b000 	/System/Library/Frameworks/NetFS.framework/Versions/A/NetFS
0x000000000320b000 	/System/Library/PrivateFrameworks/NetAuth.framework/Versions/A/NetAuth
0x000000000320b000 	/System/Library/PrivateFrameworks/login.framework/Versions/A/Frameworks/loginsupport.framework/Versions/A/loginsupport
0x000000000320b000 	/System/Library/PrivateFrameworks/TCC.framework/Versions/A/TCC
0x000000000320b000 	/usr/lib/libmecabra.dylib
0x000000000320b000 	/System/Library/Frameworks/ApplicationServices.framework/Versions/A/Frameworks/ATS.framework/Versions/A/ATS
0x000000000320b000 	/System/Library/Frameworks/ApplicationServices.framework/Versions/A/Frameworks/ColorSync.framework/Versions/A/ColorSync
0x000000000320b000 	/System/Library/Frameworks/ApplicationServices.framework/Versions/A/Frameworks/HIServices.framework/Versions/A/HIServices
0x000000000320b000 	/System/Library/Frameworks/ApplicationServices.framework/Versions/A/Frameworks/LangAnalysis.framework/Versions/A/LangAnalysis
0x000000000320b000 	/System/Library/Frameworks/ApplicationServices.framework/Versions/A/Frameworks/PrintCore.framework/Versions/A/PrintCore
0x000000000320b000 	/System/Library/Frameworks/ApplicationServices.framework/Versions/A/Frameworks/QD.framework/Versions/A/QD
0x000000000320b000 	/System/Library/Frameworks/ApplicationServices.framework/Versions/A/Frameworks/SpeechSynthesis.framework/Versions/A/SpeechSynthesis
0x000000000320b000 	/System/Library/Frameworks/Metal.framework/Versions/A/Metal
0x000000000320b000 	/System/Library/Frameworks/Accelerate.framework/Versions/A/Frameworks/vImage.framework/Versions/A/vImage
0x000000000320b000 	/System/Library/Frameworks/Accelerate.framework/Versions/A/Frameworks/vecLib.framework/Versions/A/vecLib
0x000000000320b000 	/System/Library/Frameworks/Accelerate.framework/Versions/A/Frameworks/vecLib.framework/Versions/A/libvDSP.dylib
0x000000000320b000 	/System/Library/Frameworks/Accelerate.framework/Versions/A/Frameworks/vecLib.framework/Versions/A/libvMisc.dylib
0x000000000320b000 	/System/Library/Frameworks/Accelerate.framework/Versions/A/Frameworks/vecLib.framework/Versions/A/libLAPACK.dylib
0x000000000320b000 	/System/Library/Frameworks/Accelerate.framework/Versions/A/Frameworks/vecLib.framework/Versions/A/libBLAS.dylib
0x000000000320b000 	/System/Library/Frameworks/Accelerate.framework/Versions/A/Frameworks/vecLib.framework/Versions/A/libLinearAlgebra.dylib
0x000000000320b000 	/System/Library/Frameworks/Accelerate.framework/Versions/A/Frameworks/vecLib.framework/Versions/A/libSparseBLAS.dylib
0x000000000320b000 	/System/Library/PrivateFrameworks/GPUCompiler.framework/libmetal_timestamp.dylib
0x000000000320b000 	/System/Library/Frameworks/OpenGL.framework/Versions/A/Libraries/libCoreFSCache.dylib
0x000000000320b000 	/System/Library/PrivateFrameworks/IOAccelerator.framework/Versions/A/IOAccelerator
0x000000000320b000 	/System/Library/Frameworks/ApplicationServices.framework/Versions/A/Frameworks/ATS.framework/Versions/A/Resources/libFontParser.dylib
0x000000000320b000 	/System/Library/Frameworks/ApplicationServices.framework/Versions/A/Frameworks/ATS.framework/Versions/A/Resources/libFontRegistry.dylib
0x000000000320b000 	/System/Library/PrivateFrameworks/AppleVPA.framework/Versions/A/AppleVPA
0x000000000320b000 	/System/Library/PrivateFrameworks/AppleJPEG.framework/Versions/A/AppleJPEG
0x000000000320b000 	/System/Library/Frameworks/ImageIO.framework/Versions/A/Resources/libJPEG.dylib
0x000000000320b000 	/System/Library/Frameworks/ImageIO.framework/Versions/A/Resources/libTIFF.dylib
0x000000000320b000 	/System/Library/Frameworks/ImageIO.framework/Versions/A/Resources/libPng.dylib
0x000000000320b000 	/System/Library/Frameworks/ImageIO.framework/Versions/A/Resources/libGIF.dylib
0x000000000320b000 	/System/Library/Frameworks/ImageIO.framework/Versions/A/Resources/libJP2.dylib
0x000000000320b000 	/System/Library/Frameworks/ImageIO.framework/Versions/A/Resources/libRadiance.dylib
0x000000000320b000 	/System/Library/Frameworks/CoreVideo.framework/Versions/A/CoreVideo
0x000000000320b000 	/System/Library/Frameworks/OpenGL.framework/Versions/A/Libraries/libGLU.dylib
0x000000000320b000 	/System/Library/Frameworks/OpenGL.framework/Versions/A/Libraries/libGFXShared.dylib
0x000000000320b000 	/System/Library/Frameworks/OpenGL.framework/Versions/A/Libraries/libGL.dylib
0x000000000320b000 	/System/Library/Frameworks/OpenGL.framework/Versions/A/Libraries/libGLImage.dylib
0x000000000320b000 	/System/Library/Frameworks/OpenGL.framework/Versions/A/Libraries/libCVMSPluginSupport.dylib
0x000000000320b000 	/System/Library/Frameworks/OpenGL.framework/Versions/A/Libraries/libCoreVMClient.dylib
0x000000000320b000 	/usr/lib/libcups.2.dylib
0x000000000320b000 	/System/Library/Frameworks/Kerberos.framework/Versions/A/Kerberos
0x000000000320b000 	/System/Library/Frameworks/GSS.framework/Versions/A/GSS
0x000000000320b000 	/usr/lib/libresolv.9.dylib
0x000000000320b000 	/usr/lib/libiconv.2.dylib
0x000000000320b000 	/System/Library/PrivateFrameworks/Heimdal.framework/Versions/A/Heimdal
0x000000000320b000 	/usr/lib/libheimdal-asn1.dylib
0x000000000320b000 	/System/Library/Frameworks/OpenDirectory.framework/Versions/A/OpenDirectory
0x000000000320b000 	/System/Library/PrivateFrameworks/CommonAuth.framework/Versions/A/CommonAuth
0x000000000320b000 	/System/Library/Frameworks/OpenDirectory.framework/Versions/A/Frameworks/CFOpenDirectory.framework/Versions/A/CFOpenDirectory
0x000000000320b000 	/System/Library/Frameworks/SecurityFoundation.framework/Versions/A/SecurityFoundation
0x000000000320b000 	/System/Library/PrivateFrameworks/LanguageModeling.framework/Versions/A/LanguageModeling
0x000000000320b000 	/usr/lib/libmarisa.dylib
0x000000000320b000 	/usr/lib/libChineseTokenizer.dylib
0x000000000320b000 	/usr/lib/libcmph.dylib
0x000000000320b000 	/usr/lib/libcompression.dylib
0x000000000320b000 	/System/Library/Frameworks/ServiceManagement.framework/Versions/A/ServiceManagement
0x000000000320b000 	/usr/lib/libxslt.1.dylib
0x000000000320b000 	/System/Library/Frameworks/Carbon.framework/Versions/A/Frameworks/Ink.framework/Versions/A/Ink
0x000000000320b000 	/usr/lib/libFosl_dynamic.dylib
0x000000000320b000 	/System/Library/PrivateFrameworks/FaceCore.framework/Versions/A/FaceCore
0x000000000320b000 	/System/Library/Frameworks/OpenCL.framework/Versions/A/OpenCL
0x000000000320b000 	/System/Library/PrivateFrameworks/CrashReporterSupport.framework/Versions/A/CrashReporterSupport
0x000000000320b000 	/System/Library/PrivateFrameworks/IconServices.framework/Versions/A/IconServices
0x000000000320b000 	/System/Library/PrivateFrameworks/Apple80211.framework/Versions/A/Apple80211
0x000000000320b000 	/System/Library/Frameworks/CoreWLAN.framework/Versions/A/CoreWLAN
0x000000000320b000 	/System/Library/Frameworks/IOBluetooth.framework/Versions/A/IOBluetooth
0x000000000320b000 	/System/Library/PrivateFrameworks/CoreWiFi.framework/Versions/A/CoreWiFi
0x000000000320b000 	/System/Library/Frameworks/CoreBluetooth.framework/Versions/A/CoreBluetooth
0x000000000320b000 	/System/Library/PrivateFrameworks/ChunkingLibrary.framework/Versions/A/ChunkingLibrary
0x000000000320b000 	/System/Library/PrivateFrameworks/DebugSymbols.framework/Versions/A/DebugSymbols
0x000000000320b000 	/System/Library/PrivateFrameworks/CoreSymbolication.framework/Versions/A/CoreSymbolication
0x000000000320b000 	/System/Library/PrivateFrameworks/Symbolication.framework/Versions/A/Symbolication
0x000000000320b000 	/System/Library/PrivateFrameworks/SpeechRecognitionCore.framework/Versions/A/SpeechRecognitionCore
0x0000000109200000 	/Library/Java/JavaVirtualMachines/jdk1.8.0_111.jdk/Contents/Home/jre/lib/server/libjvm.dylib
0x000000000320b000 	/usr/lib/libstdc++.6.dylib
0x000000010806d000 	/Library/Java/JavaVirtualMachines/jdk1.8.0_111.jdk/Contents/Home/jre/lib/libverify.dylib
0x000000010807b000 	/Library/Java/JavaVirtualMachines/jdk1.8.0_111.jdk/Contents/Home/jre/lib/libjava.dylib
0x00000001080b1000 	/Library/Java/JavaVirtualMachines/jdk1.8.0_111.jdk/Contents/Home/jre/lib/libjdwp.dylib
0x00000001080fc000 	/Library/Java/JavaVirtualMachines/jdk1.8.0_111.jdk/Contents/Home/jre/lib/libnpt.dylib
0x0000000108100000 	/Library/Java/JavaVirtualMachines/jdk1.8.0_111.jdk/Contents/Home/jre/lib/libinstrument.dylib
0x000000010815e000 	/Library/Java/JavaVirtualMachines/jdk1.8.0_111.jdk/Contents/Home/jre/lib/libzip.dylib
0x000000012519f000 	/System/Library/Frameworks/JavaVM.framework/Frameworks/JavaRuntimeSupport.framework/JavaRuntimeSupport
0x00000001251ba000 	/System/Library/Frameworks/JavaVM.framework/Versions/A/Frameworks/JavaNativeFoundation.framework/Versions/A/JavaNativeFoundation
0x00000001251cf000 	/System/Library/Frameworks/JavaVM.framework/Versions/A/JavaVM
0x000000000320b000 	/System/Library/Frameworks/Carbon.framework/Versions/A/Carbon
0x00000001251dc000 	/System/Library/PrivateFrameworks/JavaLaunching.framework/Versions/A/JavaLaunching
0x000000000320b000 	/System/Library/Frameworks/Carbon.framework/Versions/A/Frameworks/CommonPanels.framework/Versions/A/CommonPanels
0x000000000320b000 	/System/Library/Frameworks/Carbon.framework/Versions/A/Frameworks/Help.framework/Versions/A/Help
0x000000000320b000 	/System/Library/Frameworks/Carbon.framework/Versions/A/Frameworks/ImageCapture.framework/Versions/A/ImageCapture
0x000000000320b000 	/System/Library/Frameworks/Carbon.framework/Versions/A/Frameworks/OpenScripting.framework/Versions/A/OpenScripting
0x000000000320b000 	/System/Library/Frameworks/Carbon.framework/Versions/A/Frameworks/Print.framework/Versions/A/Print
0x000000000320b000 	/System/Library/Frameworks/Carbon.framework/Versions/A/Frameworks/SecurityHI.framework/Versions/A/SecurityHI
0x0000000126af9000 	/Library/Java/JavaVirtualMachines/jdk1.8.0_111.jdk/Contents/Home/jre/lib/libdt_socket.dylib

VM Arguments:
jvm_args: -agentlib:jdwp=transport=dt_socket,address=127.0.0.1:51129,suspend=y,server=n -ea -javaagent:/Users/bobbybaker/Library/Caches/IntelliJIdea2016.2/groovyHotSwap/gragent.jar -Didea.junit.sm_runner -Dfile.encoding=UTF-8 
java_command: com.intellij.rt.execution.junit.JUnitStarter -ideVersion5 com.bobbybaker.app.infix.RPNTest,convertRPNToInfixWithSubtraction
java_class_path (initial): /Volumes/IntelliJ IDEA/IntelliJ IDEA.app/Contents/lib/idea_rt.jar:/Volumes/IntelliJ IDEA/IntelliJ IDEA.app/Contents/plugins/junit/lib/junit-rt.jar:/Library/Java/JavaVirtualMachines/jdk1.8.0_111.jdk/Contents/Home/jre/lib/charsets.jar:/Library/Java/JavaVirtualMachines/jdk1.8.0_111.jdk/Contents/Home/jre/lib/deploy.jar:/Library/Java/JavaVirtualMachines/jdk1.8.0_111.jdk/Contents/Home/jre/lib/ext/cldrdata.jar:/Library/Java/JavaVirtualMachines/jdk1.8.0_111.jdk/Contents/Home/jre/lib/ext/dnsns.jar:/Library/Java/JavaVirtualMachines/jdk1.8.0_111.jdk/Contents/Home/jre/lib/ext/jaccess.jar:/Library/Java/JavaVirtualMachines/jdk1.8.0_111.jdk/Contents/Home/jre/lib/ext/jfxrt.jar:/Library/Java/JavaVirtualMachines/jdk1.8.0_111.jdk/Contents/Home/jre/lib/ext/localedata.jar:/Library/Java/JavaVirtualMachines/jdk1.8.0_111.jdk/Contents/Home/jre/lib/ext/nashorn.jar:/Library/Java/JavaVirtualMachines/jdk1.8.0_111.jdk/Contents/Home/jre/lib/ext/sunec.jar:/Library/Java/JavaVirtualMachines/jdk1.8.0_111.jdk/Contents/Home/jre/lib/ext/sunjce_provider.jar:/Library/Java/JavaVirtualMachines/jdk1.8.0_111.jdk/Contents/Home/jre/lib/ext/sunpkcs11.jar:/Library/Java/JavaVirtualMachines/jdk1.8.0_111.jdk/Contents/Home/jre/lib/ext/zipfs.jar:/Library/Java/JavaVirtualMachines/jdk1.8.0_111.jdk/Contents/Home/jre/lib/javaws.jar:/Library/Java/JavaVirtualMachines/jdk1.8.0_111.jdk/Contents/Home/jre/lib/jce.jar:/Library/Java/JavaVirtualMachines/jdk1.8.0_111.jdk/Contents/Home/jre/lib/jfr.jar:/Library/Java/JavaVirtualMachines/jdk1.8.0_111.jdk/Contents/Home/jre/lib/jfxswt.jar:/Library/Java/JavaVirtualMachines/jdk1.8.0_111.jdk/Contents/Home/jre/lib/jsse.jar:/Library/Java/JavaVirtualMachines/jdk1.8.0_111.jdk/Contents/Home/jre/lib/management-agent.jar:/Library/Java/JavaVirtualMachines/jdk1.8.0_111.jdk/Contents/Home/jre/lib/plugin.jar:/Library/Java/JavaVirtualMachines/jdk1.8.0_111.jdk/Contents/Home/jre/lib/resources.jar:/Library/Java/JavaVirtualMachines/jdk1.8.0_111.jdk/Contents/Home/jre/lib/rt.jar:/
Launcher Type: SUN_STANDARD

Environment Variables:
PATH=/Users/bobbybaker/sdk/google-cloud-sdk/bin:/usr/local/bin:/usr/bin:/bin:/usr/sbin:/sbin
SHELL=/bin/bash

Signal Handlers:
SIGSEGV: [libjvm.dylib+0x5b03ed], sa_mask[0]=11111111011111110111111111111111, sa_flags=SA_ONSTACK|SA_RESTART|SA_SIGINFO
SIGBUS: [libjvm.dylib+0x5b03ed], sa_mask[0]=11111111011111110111111111111111, sa_flags=SA_RESTART|SA_SIGINFO
SIGFPE: [libjvm.dylib+0x48711c], sa_mask[0]=11111111011111110111111111111111, sa_flags=SA_RESTART|SA_SIGINFO
SIGPIPE: [libjvm.dylib+0x48711c], sa_mask[0]=11111111011111110111111111111111, sa_flags=SA_RESTART|SA_SIGINFO
SIGXFSZ: [libjvm.dylib+0x48711c], sa_mask[0]=11111111011111110111111111111111, sa_flags=SA_RESTART|SA_SIGINFO
SIGILL: [libjvm.dylib+0x48711c], sa_mask[0]=11111111011111110111111111111111, sa_flags=SA_RESTART|SA_SIGINFO
SIGUSR1: SIG_DFL, sa_mask[0]=00000000000000000000000000000000, sa_flags=none
SIGUSR2: [libjvm.dylib+0x486c3a], sa_mask[0]=00100000000000000000000000000000, sa_flags=SA_RESTART|SA_SIGINFO
SIGHUP: [libjvm.dylib+0x485211], sa_mask[0]=11111111011111110111111111111111, sa_flags=SA_RESTART|SA_SIGINFO
SIGINT: [libjvm.dylib+0x485211], sa_mask[0]=11111111011111110111111111111111, sa_flags=SA_RESTART|SA_SIGINFO
SIGTERM: [libjvm.dylib+0x485211], sa_mask[0]=11111111011111110111111111111111, sa_flags=SA_RESTART|SA_SIGINFO
SIGQUIT: [libjvm.dylib+0x485211], sa_mask[0]=11111111011111110111111111111111, sa_flags=SA_RESTART|SA_SIGINFO


---------------  S Y S T E M  ---------------

OS:Bsduname:Darwin 15.2.0 Darwin Kernel Version 15.2.0: Fri Nov 13 19:56:56 PST 2015; root:xnu-3248.20.55~2/RELEASE_X86_64 x86_64
rlimit: STACK 8192k, CORE 0k, NPROC 709, NOFILE 10240, AS infinity
load average:3.46 2.71 2.50

CPU:total 8 (4 cores per cpu, 2 threads per core) family 6 model 70 stepping 1, cmov, cx8, fxsr, mmx, sse, sse2, sse3, ssse3, sse4.1, sse4.2, popcnt, avx, avx2, aes, clmul, erms, lzcnt, ht, tsc, tscinvbit, bmi1, bmi2

Memory: 4k page, physical 16777216k(50752k free)

/proc/meminfo:


vm_info: Java HotSpot(TM) 64-Bit Server VM (25.111-b14) for bsd-amd64 JRE (1.8.0_111-b14), built on Sep 22 2016 15:31:41 by "java_re" with gcc 4.2.1 (Based on Apple Inc. build 5658) (LLVM build 2336.11.00)

time: Wed Oct 26 15:29:35 2016
elapsed time: 278 seconds (0d 0h 4m 38s)

